Reading netlist file: "C:\Users\BEK\Desktop\ELE432\deneme\deneme\impl\gwsynthesis\fire_core.vg"
Parsing netlist file "C:\Users\BEK\Desktop\ELE432\deneme\deneme\impl\gwsynthesis\fire_core.vg" completed
Processing netlist completed
Reading constraint file: "C:\Users\BEK\Desktop\ELE432\deneme\deneme\src\pinmap.cst"
Physical Constraint parsed completed
Running placement......
[10%] Placement Phase 0 completed
[20%] Placement Phase 1 completed
[30%] Placement Phase 2 completed
WARN  (TA1117) : Can't calculate clocks' relationship between: "sys_clk" and "r_clock/rpll_inst/CLKOUT.default_gen_clk"
[50%] Placement Phase 3 completed
Running routing......
[60%] Routing Phase 0 completed
[70%] Routing Phase 1 completed
[80%] Routing Phase 2 completed
[90%] Routing Phase 3 completed
Running timing analysis......
[95%] Timing analysis completed
Placement and routing completed
Bitstream generation in progress......
Bitstream generation completed
Running power analysis......
[100%] Power analysis completed
Generate file "C:\Users\BEK\Desktop\ELE432\deneme\deneme\impl\pnr\fire_core.power.html" completed
Generate file "C:\Users\BEK\Desktop\ELE432\deneme\deneme\impl\pnr\fire_core.pin.html" completed
Generate file "C:\Users\BEK\Desktop\ELE432\deneme\deneme\impl\pnr\fire_core.rpt.html" completed
Generate file "C:\Users\BEK\Desktop\ELE432\deneme\deneme\impl\pnr\fire_core.rpt.txt" completed
Generate file "C:\Users\BEK\Desktop\ELE432\deneme\deneme\impl\pnr\fire_core.tr.html" completed
Wed May 20 21:18:44 2026

